2018-02-06T21:04:06+00:00 CRITICAL Uncaught Error: Call to undefined function request_filesystem_credentials() in /home/maxmea1/4sighthealth.seemaxstaging.com/wp-admin/includes/class-wp-upgrader-skin.php:93
Stack trace:
#0 /home/maxmea1/4sighthealth.seemaxstaging.com/wp-admin/includes/class-automatic-upgrader-skin.php(47): WP_Upgrader_Skin->request_filesystem_credentials(false, '/home/maxmea1/4...', true)
#1 /home/maxmea1/4sighthealth.seemaxstaging.com/wp-admin/includes/class-wp-automatic-updater.php(144): Automatic_Upgrader_Skin->request_filesystem_credentials(false, '/home/maxmea1/4...', true)
#2 /home/maxmea1/4sighthealth.seemaxstaging.com/wp-admin/includes/update.php(85): WP_Automatic_Updater->should_update('core', Object(stdClass), '/home/maxmea1/4...')
#3 /home/maxmea1/4sighthealth.seemaxstaging.com/wp-includes/update.php(215): find_core_auto_update()
#4 /home/maxmea1/4sighthealth.seemaxstaging.com/wp-includes/class-wp-hook.php(286): wp_version_check()
#5 /home/maxmea1/4sighthealth.seemaxstaging.com/wp-includes/class-wp-hook.php(310): WP

2018-02-07T09:00:51+00:00 CRITICAL Uncaught Error: Call to undefined function request_filesystem_credentials() in /home/maxmea1/4sighthealth.seemaxstaging.com/wp-admin/includes/class-wp-upgrader-skin.php:93
Stack trace:
#0 /home/maxmea1/4sighthealth.seemaxstaging.com/wp-admin/includes/class-automatic-upgrader-skin.php(47): WP_Upgrader_Skin->request_filesystem_credentials(false, '/home/maxmea1/4...', true)
#1 /home/maxmea1/4sighthealth.seemaxstaging.com/wp-admin/includes/class-wp-automatic-updater.php(144): Automatic_Upgrader_Skin->request_filesystem_credentials(false, '/home/maxmea1/4...', true)
#2 /home/maxmea1/4sighthealth.seemaxstaging.com/wp-admin/includes/update.php(85): WP_Automatic_Updater->should_update('core', Object(stdClass), '/home/maxmea1/4...')
#3 /home/maxmea1/4sighthealth.seemaxstaging.com/wp-includes/update.php(215): find_core_auto_update()
#4 /home/maxmea1/4sighthealth.seemaxstaging.com/wp-includes/class-wp-hook.php(286): wp_version_check()
#5 /home/maxmea1/4sighthealth.seemaxstaging.com/wp-includes/class-wp-hook.php(310): WP

2018-02-07T20:56:54+00:00 CRITICAL Uncaught Error: Call to undefined function request_filesystem_credentials() in /home/maxmea1/4sighthealth.seemaxstaging.com/wp-admin/includes/class-wp-upgrader-skin.php:93
Stack trace:
#0 /home/maxmea1/4sighthealth.seemaxstaging.com/wp-admin/includes/class-automatic-upgrader-skin.php(47): WP_Upgrader_Skin->request_filesystem_credentials(false, '/home/maxmea1/4...', true)
#1 /home/maxmea1/4sighthealth.seemaxstaging.com/wp-admin/includes/class-wp-automatic-updater.php(144): Automatic_Upgrader_Skin->request_filesystem_credentials(false, '/home/maxmea1/4...', true)
#2 /home/maxmea1/4sighthealth.seemaxstaging.com/wp-admin/includes/update.php(85): WP_Automatic_Updater->should_update('core', Object(stdClass), '/home/maxmea1/4...')
#3 /home/maxmea1/4sighthealth.seemaxstaging.com/wp-includes/update.php(215): find_core_auto_update()
#4 /home/maxmea1/4sighthealth.seemaxstaging.com/wp-includes/class-wp-hook.php(286): wp_version_check()
#5 /home/maxmea1/4sighthealth.seemaxstaging.com/wp-includes/class-wp-hook.php(310): WP

2018-02-08T09:01:12+00:00 CRITICAL Uncaught Error: Call to undefined function request_filesystem_credentials() in /home/maxmea1/4sighthealth.seemaxstaging.com/wp-admin/includes/class-wp-upgrader-skin.php:93
Stack trace:
#0 /home/maxmea1/4sighthealth.seemaxstaging.com/wp-admin/includes/class-automatic-upgrader-skin.php(47): WP_Upgrader_Skin->request_filesystem_credentials(false, '/home/maxmea1/4...', true)
#1 /home/maxmea1/4sighthealth.seemaxstaging.com/wp-admin/includes/class-wp-automatic-updater.php(144): Automatic_Upgrader_Skin->request_filesystem_credentials(false, '/home/maxmea1/4...', true)
#2 /home/maxmea1/4sighthealth.seemaxstaging.com/wp-admin/includes/update.php(85): WP_Automatic_Updater->should_update('core', Object(stdClass), '/home/maxmea1/4...')
#3 /home/maxmea1/4sighthealth.seemaxstaging.com/wp-includes/update.php(215): find_core_auto_update()
#4 /home/maxmea1/4sighthealth.seemaxstaging.com/wp-includes/class-wp-hook.php(286): wp_version_check()
#5 /home/maxmea1/4sighthealth.seemaxstaging.com/wp-includes/class-wp-hook.php(310): WP

2018-02-08T20:59:05+00:00 CRITICAL Uncaught Error: Call to undefined function request_filesystem_credentials() in /home/maxmea1/4sighthealth.seemaxstaging.com/wp-admin/includes/class-wp-upgrader-skin.php:93
Stack trace:
#0 /home/maxmea1/4sighthealth.seemaxstaging.com/wp-admin/includes/class-automatic-upgrader-skin.php(47): WP_Upgrader_Skin->request_filesystem_credentials(false, '/home/maxmea1/4...', true)
#1 /home/maxmea1/4sighthealth.seemaxstaging.com/wp-admin/includes/class-wp-automatic-updater.php(144): Automatic_Upgrader_Skin->request_filesystem_credentials(false, '/home/maxmea1/4...', true)
#2 /home/maxmea1/4sighthealth.seemaxstaging.com/wp-admin/includes/update.php(85): WP_Automatic_Updater->should_update('core', Object(stdClass), '/home/maxmea1/4...')
#3 /home/maxmea1/4sighthealth.seemaxstaging.com/wp-includes/update.php(215): find_core_auto_update()
#4 /home/maxmea1/4sighthealth.seemaxstaging.com/wp-includes/class-wp-hook.php(286): wp_version_check()
#5 /home/maxmea1/4sighthealth.seemaxstaging.com/wp-includes/class-wp-hook.php(310): WP

2018-02-09T09:00:57+00:00 CRITICAL Uncaught Error: Call to undefined function request_filesystem_credentials() in /home/maxmea1/4sighthealth.seemaxstaging.com/wp-admin/includes/class-wp-upgrader-skin.php:93
Stack trace:
#0 /home/maxmea1/4sighthealth.seemaxstaging.com/wp-admin/includes/class-automatic-upgrader-skin.php(47): WP_Upgrader_Skin->request_filesystem_credentials(false, '/home/maxmea1/4...', true)
#1 /home/maxmea1/4sighthealth.seemaxstaging.com/wp-admin/includes/class-wp-automatic-updater.php(144): Automatic_Upgrader_Skin->request_filesystem_credentials(false, '/home/maxmea1/4...', true)
#2 /home/maxmea1/4sighthealth.seemaxstaging.com/wp-admin/includes/update.php(85): WP_Automatic_Updater->should_update('core', Object(stdClass), '/home/maxmea1/4...')
#3 /home/maxmea1/4sighthealth.seemaxstaging.com/wp-includes/update.php(215): find_core_auto_update()
#4 /home/maxmea1/4sighthealth.seemaxstaging.com/wp-includes/class-wp-hook.php(286): wp_version_check()
#5 /home/maxmea1/4sighthealth.seemaxstaging.com/wp-includes/class-wp-hook.php(310): WP

2018-02-09T21:02:22+00:00 CRITICAL Uncaught Error: Call to undefined function request_filesystem_credentials() in /home/maxmea1/4sighthealth.seemaxstaging.com/wp-admin/includes/class-wp-upgrader-skin.php:93
Stack trace:
#0 /home/maxmea1/4sighthealth.seemaxstaging.com/wp-admin/includes/class-automatic-upgrader-skin.php(47): WP_Upgrader_Skin->request_filesystem_credentials(false, '/home/maxmea1/4...', true)
#1 /home/maxmea1/4sighthealth.seemaxstaging.com/wp-admin/includes/class-wp-automatic-updater.php(144): Automatic_Upgrader_Skin->request_filesystem_credentials(false, '/home/maxmea1/4...', true)
#2 /home/maxmea1/4sighthealth.seemaxstaging.com/wp-admin/includes/update.php(85): WP_Automatic_Updater->should_update('core', Object(stdClass), '/home/maxmea1/4...')
#3 /home/maxmea1/4sighthealth.seemaxstaging.com/wp-includes/update.php(215): find_core_auto_update()
#4 /home/maxmea1/4sighthealth.seemaxstaging.com/wp-includes/class-wp-hook.php(286): wp_version_check()
#5 /home/maxmea1/4sighthealth.seemaxstaging.com/wp-includes/class-wp-hook.php(310): WP

2018-02-10T09:07:15+00:00 CRITICAL Uncaught Error: Call to undefined function request_filesystem_credentials() in /home/maxmea1/4sighthealth.seemaxstaging.com/wp-admin/includes/class-wp-upgrader-skin.php:93
Stack trace:
#0 /home/maxmea1/4sighthealth.seemaxstaging.com/wp-admin/includes/class-automatic-upgrader-skin.php(47): WP_Upgrader_Skin->request_filesystem_credentials(false, '/home/maxmea1/4...', true)
#1 /home/maxmea1/4sighthealth.seemaxstaging.com/wp-admin/includes/class-wp-automatic-updater.php(144): Automatic_Upgrader_Skin->request_filesystem_credentials(false, '/home/maxmea1/4...', true)
#2 /home/maxmea1/4sighthealth.seemaxstaging.com/wp-admin/includes/update.php(85): WP_Automatic_Updater->should_update('core', Object(stdClass), '/home/maxmea1/4...')
#3 /home/maxmea1/4sighthealth.seemaxstaging.com/wp-includes/update.php(215): find_core_auto_update()
#4 /home/maxmea1/4sighthealth.seemaxstaging.com/wp-includes/class-wp-hook.php(286): wp_version_check()
#5 /home/maxmea1/4sighthealth.seemaxstaging.com/wp-includes/class-wp-hook.php(310): WP

2018-02-10T21:03:15+00:00 CRITICAL Uncaught Error: Call to undefined function request_filesystem_credentials() in /home/maxmea1/4sighthealth.seemaxstaging.com/wp-admin/includes/class-wp-upgrader-skin.php:93
Stack trace:
#0 /home/maxmea1/4sighthealth.seemaxstaging.com/wp-admin/includes/class-automatic-upgrader-skin.php(47): WP_Upgrader_Skin->request_filesystem_credentials(false, '/home/maxmea1/4...', true)
#1 /home/maxmea1/4sighthealth.seemaxstaging.com/wp-admin/includes/class-wp-automatic-updater.php(144): Automatic_Upgrader_Skin->request_filesystem_credentials(false, '/home/maxmea1/4...', true)
#2 /home/maxmea1/4sighthealth.seemaxstaging.com/wp-admin/includes/update.php(85): WP_Automatic_Updater->should_update('core', Object(stdClass), '/home/maxmea1/4...')
#3 /home/maxmea1/4sighthealth.seemaxstaging.com/wp-includes/update.php(215): find_core_auto_update()
#4 /home/maxmea1/4sighthealth.seemaxstaging.com/wp-includes/class-wp-hook.php(286): wp_version_check()
#5 /home/maxmea1/4sighthealth.seemaxstaging.com/wp-includes/class-wp-hook.php(310): WP

2018-02-11T09:15:55+00:00 CRITICAL Uncaught Error: Call to undefined function request_filesystem_credentials() in /home/maxmea1/4sighthealth.seemaxstaging.com/wp-admin/includes/class-wp-upgrader-skin.php:93
Stack trace:
#0 /home/maxmea1/4sighthealth.seemaxstaging.com/wp-admin/includes/class-automatic-upgrader-skin.php(47): WP_Upgrader_Skin->request_filesystem_credentials(false, '/home/maxmea1/4...', true)
#1 /home/maxmea1/4sighthealth.seemaxstaging.com/wp-admin/includes/class-wp-automatic-updater.php(144): Automatic_Upgrader_Skin->request_filesystem_credentials(false, '/home/maxmea1/4...', true)
#2 /home/maxmea1/4sighthealth.seemaxstaging.com/wp-admin/includes/update.php(85): WP_Automatic_Updater->should_update('core', Object(stdClass), '/home/maxmea1/4...')
#3 /home/maxmea1/4sighthealth.seemaxstaging.com/wp-includes/update.php(215): find_core_auto_update()
#4 /home/maxmea1/4sighthealth.seemaxstaging.com/wp-includes/class-wp-hook.php(286): wp_version_check()
#5 /home/maxmea1/4sighthealth.seemaxstaging.com/wp-includes/class-wp-hook.php(310): WP

2018-02-11T21:03:50+00:00 CRITICAL Uncaught Error: Call to undefined function request_filesystem_credentials() in /home/maxmea1/4sighthealth.seemaxstaging.com/wp-admin/includes/class-wp-upgrader-skin.php:93
Stack trace:
#0 /home/maxmea1/4sighthealth.seemaxstaging.com/wp-admin/includes/class-automatic-upgrader-skin.php(47): WP_Upgrader_Skin->request_filesystem_credentials(false, '/home/maxmea1/4...', true)
#1 /home/maxmea1/4sighthealth.seemaxstaging.com/wp-admin/includes/class-wp-automatic-updater.php(144): Automatic_Upgrader_Skin->request_filesystem_credentials(false, '/home/maxmea1/4...', true)
#2 /home/maxmea1/4sighthealth.seemaxstaging.com/wp-admin/includes/update.php(85): WP_Automatic_Updater->should_update('core', Object(stdClass), '/home/maxmea1/4...')
#3 /home/maxmea1/4sighthealth.seemaxstaging.com/wp-includes/update.php(215): find_core_auto_update()
#4 /home/maxmea1/4sighthealth.seemaxstaging.com/wp-includes/class-wp-hook.php(286): wp_version_check()
#5 /home/maxmea1/4sighthealth.seemaxstaging.com/wp-includes/class-wp-hook.php(310): WP

2018-02-12T09:10:52+00:00 CRITICAL Uncaught Error: Call to undefined function request_filesystem_credentials() in /home/maxmea1/4sighthealth.seemaxstaging.com/wp-admin/includes/class-wp-upgrader-skin.php:93
Stack trace:
#0 /home/maxmea1/4sighthealth.seemaxstaging.com/wp-admin/includes/class-automatic-upgrader-skin.php(47): WP_Upgrader_Skin->request_filesystem_credentials(false, '/home/maxmea1/4...', true)
#1 /home/maxmea1/4sighthealth.seemaxstaging.com/wp-admin/includes/class-wp-automatic-updater.php(144): Automatic_Upgrader_Skin->request_filesystem_credentials(false, '/home/maxmea1/4...', true)
#2 /home/maxmea1/4sighthealth.seemaxstaging.com/wp-admin/includes/update.php(85): WP_Automatic_Updater->should_update('core', Object(stdClass), '/home/maxmea1/4...')
#3 /home/maxmea1/4sighthealth.seemaxstaging.com/wp-includes/update.php(215): find_core_auto_update()
#4 /home/maxmea1/4sighthealth.seemaxstaging.com/wp-includes/class-wp-hook.php(286): wp_version_check()
#5 /home/maxmea1/4sighthealth.seemaxstaging.com/wp-includes/class-wp-hook.php(310): WP

2018-02-12T20:59:50+00:00 CRITICAL Uncaught Error: Call to undefined function request_filesystem_credentials() in /home/maxmea1/4sighthealth.seemaxstaging.com/wp-admin/includes/class-wp-upgrader-skin.php:93
Stack trace:
#0 /home/maxmea1/4sighthealth.seemaxstaging.com/wp-admin/includes/class-automatic-upgrader-skin.php(47): WP_Upgrader_Skin->request_filesystem_credentials(false, '/home/maxmea1/4...', true)
#1 /home/maxmea1/4sighthealth.seemaxstaging.com/wp-admin/includes/class-wp-automatic-updater.php(144): Automatic_Upgrader_Skin->request_filesystem_credentials(false, '/home/maxmea1/4...', true)
#2 /home/maxmea1/4sighthealth.seemaxstaging.com/wp-admin/includes/update.php(85): WP_Automatic_Updater->should_update('core', Object(stdClass), '/home/maxmea1/4...')
#3 /home/maxmea1/4sighthealth.seemaxstaging.com/wp-includes/update.php(215): find_core_auto_update()
#4 /home/maxmea1/4sighthealth.seemaxstaging.com/wp-includes/class-wp-hook.php(286): wp_version_check()
#5 /home/maxmea1/4sighthealth.seemaxstaging.com/wp-includes/class-wp-hook.php(310): WP

2018-02-13T09:02:50+00:00 CRITICAL Uncaught Error: Call to undefined function request_filesystem_credentials() in /home/maxmea1/4sighthealth.seemaxstaging.com/wp-admin/includes/class-wp-upgrader-skin.php:93
Stack trace:
#0 /home/maxmea1/4sighthealth.seemaxstaging.com/wp-admin/includes/class-automatic-upgrader-skin.php(47): WP_Upgrader_Skin->request_filesystem_credentials(false, '/home/maxmea1/4...', true)
#1 /home/maxmea1/4sighthealth.seemaxstaging.com/wp-admin/includes/class-wp-automatic-updater.php(144): Automatic_Upgrader_Skin->request_filesystem_credentials(false, '/home/maxmea1/4...', true)
#2 /home/maxmea1/4sighthealth.seemaxstaging.com/wp-admin/includes/update.php(85): WP_Automatic_Updater->should_update('core', Object(stdClass), '/home/maxmea1/4...')
#3 /home/maxmea1/4sighthealth.seemaxstaging.com/wp-includes/update.php(215): find_core_auto_update()
#4 /home/maxmea1/4sighthealth.seemaxstaging.com/wp-includes/class-wp-hook.php(286): wp_version_check()
#5 /home/maxmea1/4sighthealth.seemaxstaging.com/wp-includes/class-wp-hook.php(310): WP

2018-02-13T21:00:26+00:00 CRITICAL Uncaught Error: Call to undefined function request_filesystem_credentials() in /home/maxmea1/4sighthealth.seemaxstaging.com/wp-admin/includes/class-wp-upgrader-skin.php:93
Stack trace:
#0 /home/maxmea1/4sighthealth.seemaxstaging.com/wp-admin/includes/class-automatic-upgrader-skin.php(47): WP_Upgrader_Skin->request_filesystem_credentials(false, '/home/maxmea1/4...', true)
#1 /home/maxmea1/4sighthealth.seemaxstaging.com/wp-admin/includes/class-wp-automatic-updater.php(144): Automatic_Upgrader_Skin->request_filesystem_credentials(false, '/home/maxmea1/4...', true)
#2 /home/maxmea1/4sighthealth.seemaxstaging.com/wp-admin/includes/update.php(85): WP_Automatic_Updater->should_update('core', Object(stdClass), '/home/maxmea1/4...')
#3 /home/maxmea1/4sighthealth.seemaxstaging.com/wp-includes/update.php(215): find_core_auto_update()
#4 /home/maxmea1/4sighthealth.seemaxstaging.com/wp-includes/class-wp-hook.php(286): wp_version_check()
#5 /home/maxmea1/4sighthealth.seemaxstaging.com/wp-includes/class-wp-hook.php(310): WP

2018-02-14T08:57:55+00:00 CRITICAL Uncaught Error: Call to undefined function request_filesystem_credentials() in /home/maxmea1/4sighthealth.seemaxstaging.com/wp-admin/includes/class-wp-upgrader-skin.php:93
Stack trace:
#0 /home/maxmea1/4sighthealth.seemaxstaging.com/wp-admin/includes/class-automatic-upgrader-skin.php(47): WP_Upgrader_Skin->request_filesystem_credentials(false, '/home/maxmea1/4...', true)
#1 /home/maxmea1/4sighthealth.seemaxstaging.com/wp-admin/includes/class-wp-automatic-updater.php(144): Automatic_Upgrader_Skin->request_filesystem_credentials(false, '/home/maxmea1/4...', true)
#2 /home/maxmea1/4sighthealth.seemaxstaging.com/wp-admin/includes/update.php(85): WP_Automatic_Updater->should_update('core', Object(stdClass), '/home/maxmea1/4...')
#3 /home/maxmea1/4sighthealth.seemaxstaging.com/wp-includes/update.php(215): find_core_auto_update()
#4 /home/maxmea1/4sighthealth.seemaxstaging.com/wp-includes/class-wp-hook.php(286): wp_version_check()
#5 /home/maxmea1/4sighthealth.seemaxstaging.com/wp-includes/class-wp-hook.php(310): WP

2018-02-25T20:49:55+00:00 CRITICAL Uncaught Error: Call to undefined function catch_that_image() in /home/maxmea1/4sighthealth.seemaxstaging.com/wp-content/themes/FourSightHealth/search.php:33
Stack trace:
#0 /home/maxmea1/4sighthealth.seemaxstaging.com/wp-includes/template-loader.php(74): include()
#1 /home/maxmea1/4sighthealth.seemaxstaging.com/wp-blog-header.php(19): require_once('/home/maxmea1/4...')
#2 /home/maxmea1/4sighthealth.seemaxstaging.com/index.php(17): require('/home/maxmea1/4...')
#3 {main}
  thrown

2018-02-25T20:50:12+00:00 CRITICAL Uncaught Error: Call to undefined function catch_that_image() in /home/maxmea1/4sighthealth.seemaxstaging.com/wp-content/themes/FourSightHealth/search.php:33
Stack trace:
#0 /home/maxmea1/4sighthealth.seemaxstaging.com/wp-includes/template-loader.php(74): include()
#1 /home/maxmea1/4sighthealth.seemaxstaging.com/wp-blog-header.php(19): require_once('/home/maxmea1/4...')
#2 /home/maxmea1/4sighthealth.seemaxstaging.com/index.php(17): require('/home/maxmea1/4...')
#3 {main}
  thrown

